This is pdfTeX, Version 3.14159265-2.6-1.40.20 (MiKTeX 2.9.7140 64-bit) (preloaded format=pdflatex 2019.9.6)  15 JAN 2020 22:10
entering extended mode
**./РњР°С‚Р°РЅ_1_СЃРµРјРµСЃС‚СЂ.tex
(РњР°С‚Р°РЅ_1_СЃРµРјРµСЃС‚СЂ.tex
LaTeX2e <2018-12-01>
("C:\Program Files\MiKTeX 2.9\tex/latex/base\article.cls"
Document Class: article 2018/09/03 v1.4i Standard LaTeX document class
("C:\Program Files\MiKTeX 2.9\tex/latex/base\size10.clo"
File: size10.clo 2018/09/03 v1.4i Standard LaTeX file (size option)
)
\c@part=\count80
\c@section=\count81
\c@subsection=\count82
\c@subsubsection=\count83
\c@paragraph=\count84
\c@subparagraph=\count85
\c@figure=\count86
\c@table=\count87
\abovecaptionskip=\skip41
\belowcaptionskip=\skip42
\bibindent=\dimen102
)
("C:\Program Files\MiKTeX 2.9\tex/latex/extsizes\extsizes.sty"
Package: extsizes 1996/10/08 v1.0 Non Standard LaTeX Package


Package ExtSizes Warning: It is better to use one of the extsizes classes,
 if you can.

("C:\Program Files\MiKTeX 2.9\tex/latex/extsizes\size17.clo"
File: size17.clo 1999/11/11 NON-Standard LaTeX file (size option)
))
("C:\Program Files\MiKTeX 2.9\tex/latex/geometry\geometry.sty"
Package: geometry 2018/04/16 v5.8 Page Geometry

("C:\Program Files\MiKTeX 2.9\tex/latex/graphics\keyval.sty"
Package: keyval 2014/10/28 v1.15 key=value parser (DPC)
\KV@toks@=\toks14
)
("C:\Program Files\MiKTeX 2.9\tex/generic/oberdiek\ifpdf.sty"
Package: ifpdf 2018/09/07 v3.3 Provides the ifpdf switch
)
("C:\Program Files\MiKTeX 2.9\tex/generic/oberdiek\ifvtex.sty"
Package: ifvtex 2016/05/16 v1.6 Detect VTeX and its facilities (HO)
Package ifvtex Info: VTeX not detected.
)
("C:\Program Files\MiKTeX 2.9\tex/generic/ifxetex\ifxetex.sty"
Package: ifxetex 2010/09/12 v0.6 Provides ifxetex conditional
)
\Gm@cnth=\count88
\Gm@cntv=\count89
\c@Gm@tempcnt=\count90
\Gm@bindingoffset=\dimen103
\Gm@wd@mp=\dimen104
\Gm@odd@mp=\dimen105
\Gm@even@mp=\dimen106
\Gm@layoutwidth=\dimen107
\Gm@layoutheight=\dimen108
\Gm@layouthoffset=\dimen109
\Gm@layoutvoffset=\dimen110
\Gm@dimlist=\toks15

("C:\Program Files\MiKTeX 2.9\tex/latex/geometry\geometry.cfg"))
("C:\Program Files\MiKTeX 2.9\tex/latex/t2\mathtext.sty"
Package: mathtext 2018/04/13 v1.1 transparent text-and-math defs
LaTeX Info: Redefining \halign on input line 119.
)
("C:\Program Files\MiKTeX 2.9\tex/latex/base\fontenc.sty"
Package: fontenc 2018/08/11 v2.0j Standard LaTeX package

("C:\Program Files\MiKTeX 2.9\tex/latex/cyrillic\t2aenc.def"
File: t2aenc.def 2005/09/27 v1.0i Cyrillic encoding definition file
Now handling font encoding T2A ...
... processing UTF-8 mapping file for font encoding T2A

("C:\Program Files\MiKTeX 2.9\tex/latex/base\t2aenc.dfu"
File: t2aenc.dfu 2018/10/05 v1.2f UTF-8 support for inputenc
   defining Unicode char U+00A4 (decimal 164)
   defining Unicode char U+00A7 (decimal 167)
   defining Unicode char U+00AB (decimal 171)
   defining Unicode char U+00BB (decimal 187)
   defining Unicode char U+0131 (decimal 305)
   defining Unicode char U+0237 (decimal 567)
   defining Unicode char U+0400 (decimal 1024)
   defining Unicode char U+0401 (decimal 1025)
   defining Unicode char U+0402 (decimal 1026)
   defining Unicode char U+0403 (decimal 1027)
   defining Unicode char U+0404 (decimal 1028)
   defining Unicode char U+0405 (decimal 1029)
   defining Unicode char U+0406 (decimal 1030)
   defining Unicode char U+0407 (decimal 1031)
   defining Unicode char U+0408 (decimal 1032)
   defining Unicode char U+0409 (decimal 1033)
   defining Unicode char U+040A (decimal 1034)
   defining Unicode char U+040B (decimal 1035)
   defining Unicode char U+040C (decimal 1036)
   defining Unicode char U+040D (decimal 1037)
   defining Unicode char U+040E (decimal 1038)
   defining Unicode char U+040F (decimal 1039)
   defining Unicode char U+0410 (decimal 1040)
   defining Unicode char U+0411 (decimal 1041)
   defining Unicode char U+0412 (decimal 1042)
   defining Unicode char U+0413 (decimal 1043)
   defining Unicode char U+0414 (decimal 1044)
   defining Unicode char U+0415 (decimal 1045)
   defining Unicode char U+0416 (decimal 1046)
   defining Unicode char U+0417 (decimal 1047)
   defining Unicode char U+0418 (decimal 1048)
   defining Unicode char U+0419 (decimal 1049)
   defining Unicode char U+041A (decimal 1050)
   defining Unicode char U+041B (decimal 1051)
   defining Unicode char U+041C (decimal 1052)
   defining Unicode char U+041D (decimal 1053)
   defining Unicode char U+041E (decimal 1054)
   defining Unicode char U+041F (decimal 1055)
   defining Unicode char U+0420 (decimal 1056)
   defining Unicode char U+0421 (decimal 1057)
   defining Unicode char U+0422 (decimal 1058)
   defining Unicode char U+0423 (decimal 1059)
   defining Unicode char U+0424 (decimal 1060)
   defining Unicode char U+0425 (decimal 1061)
   defining Unicode char U+0426 (decimal 1062)
   defining Unicode char U+0427 (decimal 1063)
   defining Unicode char U+0428 (decimal 1064)
   defining Unicode char U+0429 (decimal 1065)
   defining Unicode char U+042A (decimal 1066)
   defining Unicode char U+042B (decimal 1067)
   defining Unicode char U+042C (decimal 1068)
   defining Unicode char U+042D (decimal 1069)
   defining Unicode char U+042E (decimal 1070)
   defining Unicode char U+042F (decimal 1071)
   defining Unicode char U+0430 (decimal 1072)
   defining Unicode char U+0431 (decimal 1073)
   defining Unicode char U+0432 (decimal 1074)
   defining Unicode char U+0433 (decimal 1075)
   defining Unicode char U+0434 (decimal 1076)
   defining Unicode char U+0435 (decimal 1077)
   defining Unicode char U+0436 (decimal 1078)
   defining Unicode char U+0437 (decimal 1079)
   defining Unicode char U+0438 (decimal 1080)
   defining Unicode char U+0439 (decimal 1081)
   defining Unicode char U+043A (decimal 1082)
   defining Unicode char U+043B (decimal 1083)
   defining Unicode char U+043C (decimal 1084)
   defining Unicode char U+043D (decimal 1085)
   defining Unicode char U+043E (decimal 1086)
   defining Unicode char U+043F (decimal 1087)
   defining Unicode char U+0440 (decimal 1088)
   defining Unicode char U+0441 (decimal 1089)
   defining Unicode char U+0442 (decimal 1090)
   defining Unicode char U+0443 (decimal 1091)
   defining Unicode char U+0444 (decimal 1092)
   defining Unicode char U+0445 (decimal 1093)
   defining Unicode char U+0446 (decimal 1094)
   defining Unicode char U+0447 (decimal 1095)
   defining Unicode char U+0448 (decimal 1096)
   defining Unicode char U+0449 (decimal 1097)
   defining Unicode char U+044A (decimal 1098)
   defining Unicode char U+044B (decimal 1099)
   defining Unicode char U+044C (decimal 1100)
   defining Unicode char U+044D (decimal 1101)
   defining Unicode char U+044E (decimal 1102)
   defining Unicode char U+044F (decimal 1103)
   defining Unicode char U+0450 (decimal 1104)
   defining Unicode char U+0451 (decimal 1105)
   defining Unicode char U+0452 (decimal 1106)
   defining Unicode char U+0453 (decimal 1107)
   defining Unicode char U+0454 (decimal 1108)
   defining Unicode char U+0455 (decimal 1109)
   defining Unicode char U+0456 (decimal 1110)
   defining Unicode char U+0457 (decimal 1111)
   defining Unicode char U+0458 (decimal 1112)
   defining Unicode char U+0459 (decimal 1113)
   defining Unicode char U+045A (decimal 1114)
   defining Unicode char U+045B (decimal 1115)
   defining Unicode char U+045C (decimal 1116)
   defining Unicode char U+045D (decimal 1117)
   defining Unicode char U+045E (decimal 1118)
   defining Unicode char U+045F (decimal 1119)
   defining Unicode char U+0490 (decimal 1168)
   defining Unicode char U+0491 (decimal 1169)
   defining Unicode char U+0492 (decimal 1170)
   defining Unicode char U+0493 (decimal 1171)
   defining Unicode char U+0496 (decimal 1174)
   defining Unicode char U+0497 (decimal 1175)
   defining Unicode char U+0498 (decimal 1176)
   defining Unicode char U+0499 (decimal 1177)
   defining Unicode char U+049A (decimal 1178)
   defining Unicode char U+049B (decimal 1179)
   defining Unicode char U+049C (decimal 1180)
   defining Unicode char U+049D (decimal 1181)
   defining Unicode char U+04A0 (decimal 1184)
   defining Unicode char U+04A1 (decimal 1185)
   defining Unicode char U+04A2 (decimal 1186)
   defining Unicode char U+04A3 (decimal 1187)
   defining Unicode char U+04A4 (decimal 1188)
   defining Unicode char U+04A5 (decimal 1189)
   defining Unicode char U+04AA (decimal 1194)
   defining Unicode char U+04AB (decimal 1195)
   defining Unicode char U+04AE (decimal 1198)
   defining Unicode char U+04AF (decimal 1199)
   defining Unicode char U+04B0 (decimal 1200)
   defining Unicode char U+04B1 (decimal 1201)
   defining Unicode char U+04B2 (decimal 1202)
   defining Unicode char U+04B3 (decimal 1203)
   defining Unicode char U+04B6 (decimal 1206)
   defining Unicode char U+04B7 (decimal 1207)
   defining Unicode char U+04B8 (decimal 1208)
   defining Unicode char U+04B9 (decimal 1209)
   defining Unicode char U+04BA (decimal 1210)
   defining Unicode char U+04BB (decimal 1211)
   defining Unicode char U+04C0 (decimal 1216)
   defining Unicode char U+04C1 (decimal 1217)
   defining Unicode char U+04C2 (decimal 1218)
   defining Unicode char U+04D0 (decimal 1232)
   defining Unicode char U+04D1 (decimal 1233)
   defining Unicode char U+04D2 (decimal 1234)
   defining Unicode char U+04D3 (decimal 1235)
   defining Unicode char U+04D4 (decimal 1236)
   defining Unicode char U+04D5 (decimal 1237)
   defining Unicode char U+04D6 (decimal 1238)
   defining Unicode char U+04D7 (decimal 1239)
   defining Unicode char U+04D8 (decimal 1240)
   defining Unicode char U+04D9 (decimal 1241)
   defining Unicode char U+04DA (decimal 1242)
   defining Unicode char U+04DB (decimal 1243)
   defining Unicode char U+04DC (decimal 1244)
   defining Unicode char U+04DD (decimal 1245)
   defining Unicode char U+04DE (decimal 1246)
   defining Unicode char U+04DF (decimal 1247)
   defining Unicode char U+04E2 (decimal 1250)
   defining Unicode char U+04E3 (decimal 1251)
   defining Unicode char U+04E4 (decimal 1252)
   defining Unicode char U+04E5 (decimal 1253)
   defining Unicode char U+04E6 (decimal 1254)
   defining Unicode char U+04E7 (decimal 1255)
   defining Unicode char U+04E8 (decimal 1256)
   defining Unicode char U+04E9 (decimal 1257)
   defining Unicode char U+04EC (decimal 1260)
   defining Unicode char U+04ED (decimal 1261)
   defining Unicode char U+04EE (decimal 1262)
   defining Unicode char U+04EF (decimal 1263)
   defining Unicode char U+04F0 (decimal 1264)
   defining Unicode char U+04F1 (decimal 1265)
   defining Unicode char U+04F2 (decimal 1266)
   defining Unicode char U+04F3 (decimal 1267)
   defining Unicode char U+04F4 (decimal 1268)
   defining Unicode char U+04F5 (decimal 1269)
   defining Unicode char U+04F8 (decimal 1272)
   defining Unicode char U+04F9 (decimal 1273)
   defining Unicode char U+200C (decimal 8204)
   defining Unicode char U+2013 (decimal 8211)
   defining Unicode char U+2014 (decimal 8212)
   defining Unicode char U+2018 (decimal 8216)
   defining Unicode char U+2019 (decimal 8217)
   defining Unicode char U+201C (decimal 8220)
   defining Unicode char U+201D (decimal 8221)
   defining Unicode char U+201E (decimal 8222)
   defining Unicode char U+2030 (decimal 8240)
   defining Unicode char U+2031 (decimal 8241)
   defining Unicode char U+2116 (decimal 8470)
   defining Unicode char U+2329 (decimal 9001)
   defining Unicode char U+232A (decimal 9002)
   defining Unicode char U+2423 (decimal 9251)
)
\symT2Aletters=\mathgroup4
)
LaTeX Font Info:    Try loading font information for T2A+cmr on input line 105.


("C:\Program Files\MiKTeX 2.9\tex/latex/cyrillic\t2acmr.fd"
File: t2acmr.fd 2001/08/11 v1.0a Computer Modern Cyrillic font definitions
))
("C:\Program Files\MiKTeX 2.9\tex/latex/base\inputenc.sty"
Package: inputenc 2018/08/11 v1.3c Input encoding file
\inpenc@prehook=\toks16
\inpenc@posthook=\toks17
)
("C:\Program Files\MiKTeX 2.9\tex/generic/babel\babel.sty"
Package: babel 2019/07/19 3.33 The Babel package

("C:\Program Files\MiKTeX 2.9\tex/generic/babel\switch.def"
File: switch.def 2019/07/19 3.33 Babel switching mechanism
)
*************************************
* Local config file bblopts.cfg used
*
("C:\Program Files\MiKTeX 2.9\tex/latex/arabi\bblopts.cfg"
File: bblopts.cfg 2005/09/08 v0.1 add Arabic and Farsi to "declared" options of
 babel
)
("C:\Program Files\MiKTeX 2.9\tex/latex/babel-russian\russianb.ldf"
Language: russian 2017/08/12 1.3j Russian support for the Babel system

("C:\Program Files\MiKTeX 2.9\tex/generic/babel\babel.def"
File: babel.def 2019/07/19 3.33 Babel common definitions
\babel@savecnt=\count91
\U@D=\dimen111

("C:\Program Files\MiKTeX 2.9\tex/generic/babel\txtbabel.def")
\bbl@dirlevel=\count92
)
Package babel Info: Making " an active character on input line 120.
Package babel Info: Default for \cyrdash is provided on input line 157.
))
("C:\Program Files\MiKTeX 2.9\tex/latex/amsfonts\amsfonts.sty"
Package: amsfonts 2013/01/14 v3.01 Basic AMSFonts support
\@emptytoks=\toks18
\symAMSa=\mathgroup5
\symAMSb=\mathgroup6
LaTeX Font Info:    Overwriting math alphabet `\mathfrak' in version `bold'
(Font)                  U/euf/m/n --> U/euf/b/n on input line 106.
)
("C:\Program Files\MiKTeX 2.9\tex/latex/listings\listings.sty"
\lst@mode=\count93
\lst@gtempboxa=\box27
\lst@token=\toks19
\lst@length=\count94
\lst@currlwidth=\dimen112
\lst@column=\count95
\lst@pos=\count96
\lst@lostspace=\dimen113
\lst@width=\dimen114
\lst@newlines=\count97
\lst@lineno=\count98
\lst@maxwidth=\dimen115

("C:\Program Files\MiKTeX 2.9\tex/latex/listings\lstmisc.sty"
File: lstmisc.sty 2019/09/10 1.8c (Carsten Heinz)
\c@lstnumber=\count99
\lst@skipnumbers=\count100
\lst@framebox=\box28
)
("C:\Program Files\MiKTeX 2.9\tex/latex/listings\listings.cfg"
File: listings.cfg 2019/09/10 1.8c listings configuration
))
Package: listings 2019/09/10 1.8c (Carsten Heinz)

("C:\Program Files\MiKTeX 2.9\tex/latex/xcolor\xcolor.sty"
Package: xcolor 2016/05/11 v2.12 LaTeX color extensions (UK)

("C:\Program Files\MiKTeX 2.9\tex/latex/graphics-cfg\color.cfg"
File: color.cfg 2016/01/02 v1.6 sample color configuration
)
Package xcolor Info: Driver file: pdftex.def on input line 225.

("C:\Program Files\MiKTeX 2.9\tex/latex/graphics-def\pdftex.def"
File: pdftex.def 2018/01/08 v1.0l Graphics/color driver for pdftex
)
Package xcolor Info: Model `cmy' substituted by `cmy0' on input line 1348.
Package xcolor Info: Model `hsb' substituted by `rgb' on input line 1352.
Package xcolor Info: Model `RGB' extended on input line 1364.
Package xcolor Info: Model `HTML' substituted by `rgb' on input line 1366.
Package xcolor Info: Model `Hsb' substituted by `hsb' on input line 1367.
Package xcolor Info: Model `tHsb' substituted by `hsb' on input line 1368.
Package xcolor Info: Model `HSB' substituted by `hsb' on input line 1369.
Package xcolor Info: Model `Gray' substituted by `gray' on input line 1370.
Package xcolor Info: Model `wave' substituted by `hsb' on input line 1371.
)
("C:\Program Files\MiKTeX 2.9\tex/latex/amsmath\amsmath.sty"
Package: amsmath 2018/12/01 v2.17b AMS math features
\@mathmargin=\skip43

For additional information on amsmath, use the `?' option.
("C:\Program Files\MiKTeX 2.9\tex/latex/amsmath\amstext.sty"
Package: amstext 2000/06/29 v2.01 AMS text

("C:\Program Files\MiKTeX 2.9\tex/latex/amsmath\amsgen.sty"
File: amsgen.sty 1999/11/30 v2.0 generic functions
\@emptytoks=\toks20
\ex@=\dimen116
))
("C:\Program Files\MiKTeX 2.9\tex/latex/amsmath\amsbsy.sty"
Package: amsbsy 1999/11/29 v1.2d Bold Symbols
\pmbraise@=\dimen117
)
("C:\Program Files\MiKTeX 2.9\tex/latex/amsmath\amsopn.sty"
Package: amsopn 2016/03/08 v2.02 operator names
)
\inf@bad=\count101
LaTeX Info: Redefining \frac on input line 223.
\uproot@=\count102
\leftroot@=\count103
LaTeX Info: Redefining \overline on input line 385.
\classnum@=\count104
\DOTSCASE@=\count105
LaTeX Info: Redefining \ldots on input line 482.
LaTeX Info: Redefining \dots on input line 485.
LaTeX Info: Redefining \cdots on input line 606.
\Mathstrutbox@=\box29
\strutbox@=\box30
\big@size=\dimen118
LaTeX Font Info:    Redeclaring font encoding OML on input line 729.
\symOMLletters=\mathgroup7
LaTeX Font Info:    Redeclaring font encoding OMS on input line 730.
\symOMSletters=\mathgroup8
\macc@depth=\count106
\c@MaxMatrixCols=\count107
\dotsspace@=\muskip10
\c@parentequation=\count108
\dspbrk@lvl=\count109
\tag@help=\toks21
\row@=\count110
\column@=\count111
\maxfields@=\count112
\andhelp@=\toks22
\eqnshift@=\dimen119
\alignsep@=\dimen120
\tagshift@=\dimen121
\tagwidth@=\dimen122
\totwidth@=\dimen123
\lineht@=\dimen124
\@envbody=\toks23
\multlinegap=\skip44
\multlinetaggap=\skip45
\mathdisplay@stack=\toks24
LaTeX Info: Redefining \[ on input line 2844.
LaTeX Info: Redefining \] on input line 2845.
)
("C:\Program Files\MiKTeX 2.9\tex/latex/mathtools\mathtools.sty"
Package: mathtools 2019/07/31 v1.22 mathematical typesetting tools

("C:\Program Files\MiKTeX 2.9\tex/latex/tools\calc.sty"
Package: calc 2017/05/25 v4.3 Infix arithmetic (KKT,FJ)
\calc@Acount=\count113
\calc@Bcount=\count114
\calc@Adimen=\dimen125
\calc@Bdimen=\dimen126
\calc@Askip=\skip46
\calc@Bskip=\skip47
LaTeX Info: Redefining \setlength on input line 80.
LaTeX Info: Redefining \addtolength on input line 81.
\calc@Ccount=\count115
\calc@Cskip=\skip48
)
("C:\Program Files\MiKTeX 2.9\tex/latex/mathtools\mhsetup.sty"
Package: mhsetup 2017/03/31 v1.3 programming setup (MH)
)
LaTeX Info: Thecontrolsequence`\('isalreadyrobust on input line 129.
LaTeX Info: Thecontrolsequence`\)'isalreadyrobust on input line 129.
LaTeX Info: Thecontrolsequence`\['isalreadyrobust on input line 129.
LaTeX Info: Thecontrolsequence`\]'isalreadyrobust on input line 129.
\g_MT_multlinerow_int=\count116
\l_MT_multwidth_dim=\dimen127
\origjot=\skip49
\l_MT_shortvdotswithinadjustabove_dim=\dimen128
\l_MT_shortvdotswithinadjustbelow_dim=\dimen129
\l_MT_above_intertext_sep=\dimen130
\l_MT_below_intertext_sep=\dimen131
\l_MT_above_shortintertext_sep=\dimen132
\l_MT_below_shortintertext_sep=\dimen133
)
("C:\Program Files\MiKTeX 2.9\tex/latex/amsfonts\amssymb.sty"
Package: amssymb 2013/01/14 v3.01 AMS font symbols
)
("C:\Program Files\MiKTeX 2.9\tex/latex/graphics\graphicx.sty"
Package: graphicx 2017/06/01 v1.1a Enhanced LaTeX Graphics (DPC,SPQR)

("C:\Program Files\MiKTeX 2.9\tex/latex/graphics\graphics.sty"
Package: graphics 2017/06/25 v1.2c Standard LaTeX Graphics (DPC,SPQR)

("C:\Program Files\MiKTeX 2.9\tex/latex/graphics\trig.sty"
Package: trig 2016/01/03 v1.10 sin cos tan (DPC)
)
("C:\Program Files\MiKTeX 2.9\tex/latex/graphics-cfg\graphics.cfg"
File: graphics.cfg 2016/06/04 v1.11 sample graphics configuration
)
Package graphics Info: Driver file: pdftex.def on input line 99.
)
\Gin@req@height=\dimen134
\Gin@req@width=\dimen135
)
("C:\Program Files\MiKTeX 2.9\tex/latex/hyperref\hyperref.sty"
Package: hyperref 2019/06/12 v6.88h Hypertext links for LaTeX

("C:\Program Files\MiKTeX 2.9\tex/generic/oberdiek\hobsub-hyperref.sty"
Package: hobsub-hyperref 2016/05/16 v1.14 Bundle oberdiek, subset hyperref (HO)


("C:\Program Files\MiKTeX 2.9\tex/generic/oberdiek\hobsub-generic.sty"
Package: hobsub-generic 2016/05/16 v1.14 Bundle oberdiek, subset generic (HO)
Package: hobsub 2016/05/16 v1.14 Construct package bundles (HO)
Package: infwarerr 2016/05/16 v1.4 Providing info/warning/error messages (HO)
Package: ltxcmds 2016/05/16 v1.23 LaTeX kernel commands for general use (HO)
Package: ifluatex 2016/05/16 v1.4 Provides the ifluatex switch (HO)
Package ifluatex Info: LuaTeX not detected.
Package hobsub Info: Skipping package `ifvtex' (already loaded).
Package: intcalc 2016/05/16 v1.2 Expandable calculations with integers (HO)
Package hobsub Info: Skipping package `ifpdf' (already loaded).
Package: etexcmds 2016/05/16 v1.6 Avoid name clashes with e-TeX commands (HO)
Package: kvsetkeys 2016/05/16 v1.17 Key value parser (HO)
Package: kvdefinekeys 2016/05/16 v1.4 Define keys (HO)
Package: pdftexcmds 2019/07/25 v0.30 Utility functions of pdfTeX for LuaTeX (HO
)
Package pdftexcmds Info: LuaTeX not detected.
Package pdftexcmds Info: \pdf@primitive is available.
Package pdftexcmds Info: \pdf@ifprimitive is available.
Package pdftexcmds Info: \pdfdraftmode found.
Package: pdfescape 2016/05/16 v1.14 Implements pdfTeX's escape features (HO)
Package: bigintcalc 2016/05/16 v1.4 Expandable calculations on big integers (HO
)
Package: bitset 2016/05/16 v1.2 Handle bit-vector datatype (HO)
Package: uniquecounter 2016/05/16 v1.3 Provide unlimited unique counter (HO)
)
Package hobsub Info: Skipping package `hobsub' (already loaded).
Package: letltxmacro 2016/05/16 v1.5 Let assignment for LaTeX macros (HO)
Package: hopatch 2016/05/16 v1.3 Wrapper for package hooks (HO)
Package: xcolor-patch 2016/05/16 xcolor patch
Package: atveryend 2016/05/16 v1.9 Hooks at the very end of document (HO)
Package atveryend Info: \enddocument detected (standard20110627).
Package: atbegshi 2016/06/09 v1.18 At begin shipout hook (HO)
Package: refcount 2016/05/16 v3.5 Data extraction from label references (HO)
Package: hycolor 2016/05/16 v1.8 Color options for hyperref/bookmark (HO)
)
("C:\Program Files\MiKTeX 2.9\tex/latex/oberdiek\auxhook.sty"
Package: auxhook 2016/05/16 v1.4 Hooks for auxiliary files (HO)
)
("C:\Program Files\MiKTeX 2.9\tex/latex/oberdiek\kvoptions.sty"
Package: kvoptions 2016/05/16 v3.12 Key value format for package options (HO)
)
\@linkdim=\dimen136
\Hy@linkcounter=\count117
\Hy@pagecounter=\count118

("C:\Program Files\MiKTeX 2.9\tex/latex/hyperref\pd1enc.def"
File: pd1enc.def 2019/06/12 v6.88h Hyperref: PDFDocEncoding definition (HO)
Now handling font encoding PD1 ...
... no UTF-8 mapping file for font encoding PD1
\symPD1letters=\mathgroup9
)
\Hy@SavedSpaceFactor=\count119
Package hyperref Info: Option `unicode' set `true' on input line 3505.

("C:\Program Files\MiKTeX 2.9\tex/latex/hyperref\puenc.def"
File: puenc.def 2019/06/12 v6.88h Hyperref: PDF Unicode definition (HO)
Now handling font encoding PU ...
... no UTF-8 mapping file for font encoding PU
\symPUletters=\mathgroup10
)
("C:\Program Files\MiKTeX 2.9\tex/latex/00miktex\hyperref.cfg"
File: hyperref.cfg 2002/06/06 v1.2 hyperref configuration of TeXLive
)
Package hyperref Info: Hyper figures OFF on input line 4550.
Package hyperref Info: Link nesting OFF on input line 4555.
Package hyperref Info: Hyper index ON on input line 4558.
Package hyperref Info: Plain pages OFF on input line 4565.
Package hyperref Info: Backreferencing OFF on input line 4570.
Package hyperref Info: Implicit mode ON; LaTeX internals redefined.
Package hyperref Info: Bookmarks ON on input line 4803.
\c@Hy@tempcnt=\count120

("C:\Program Files\MiKTeX 2.9\tex/latex/url\url.sty"
\Urlmuskip=\muskip11
Package: url 2013/09/16  ver 3.4  Verb mode for urls, etc.
)
LaTeX Info: Redefining \url on input line 5156.
\XeTeXLinkMargin=\dimen137
\Fld@menulength=\count121
\Field@Width=\dimen138
\Fld@charsize=\dimen139
Package hyperref Info: Hyper figures OFF on input line 6411.
Package hyperref Info: Link nesting OFF on input line 6416.
Package hyperref Info: Hyper index ON on input line 6419.
Package hyperref Info: backreferencing OFF on input line 6426.
Package hyperref Info: Link coloring OFF on input line 6431.
Package hyperref Info: Link coloring with OCG OFF on input line 6436.
Package hyperref Info: PDF/A mode OFF on input line 6441.
LaTeX Info: Redefining \ref on input line 6481.
LaTeX Info: Redefining \pageref on input line 6485.
\Hy@abspage=\count122
\c@Item=\count123
\c@Hfootnote=\count124
)
Package hyperref Info: Driver (autodetected): hpdftex.

("C:\Program Files\MiKTeX 2.9\tex/latex/hyperref\hpdftex.def"
File: hpdftex.def 2019/06/12 v6.88h Hyperref driver for pdfTeX
\Fld@listcount=\count125
\c@bookmark@seq@number=\count126

("C:\Program Files\MiKTeX 2.9\tex/latex/oberdiek\rerunfilecheck.sty"
Package: rerunfilecheck 2016/05/16 v1.8 Rerun checks for auxiliary files (HO)
Package uniquecounter Info: New unique counter `rerunfilecheck' on input line 2
82.
)
\Hy@SectionHShift=\skip50
)
("C:\Program Files\MiKTeX 2.9\tex/latex/listings\lstlang1.sty"
File: lstlang1.sty 2019/09/10 1.8c listings language file
)
("C:\Program Files\MiKTeX 2.9\tex/latex/listings\lstlang1.sty"
File: lstlang1.sty 2019/09/10 1.8c listings language file
)
("C:\Program Files\MiKTeX 2.9\tex/latex/listings\lstmisc.sty"
File: lstmisc.sty 2019/09/10 1.8c (Carsten Heinz)
)
(РњР°С‚Р°РЅ_1_СЃРµРјРµСЃС‚СЂ.aux)
\openout1 = `РњР°С‚Р°РЅ_1_СЃРµРјРµСЃС‚СЂ.aux'.

LaTeX Font Info:    Checking defaults for OML/cmm/m/it on input line 43.
LaTeX Font Info:    ... okay on input line 43.
LaTeX Font Info:    Checking defaults for T1/cmr/m/n on input line 43.
LaTeX Font Info:    ... okay on input line 43.
LaTeX Font Info:    Checking defaults for OT1/cmr/m/n on input line 43.
LaTeX Font Info:    ... okay on input line 43.
LaTeX Font Info:    Checking defaults for OMS/cmsy/m/n on input line 43.
LaTeX Font Info:    ... okay on input line 43.
LaTeX Font Info:    Checking defaults for OMX/cmex/m/n on input line 43.
LaTeX Font Info:    ... okay on input line 43.
LaTeX Font Info:    Checking defaults for U/cmr/m/n on input line 43.
LaTeX Font Info:    ... okay on input line 43.
LaTeX Font Info:    Checking defaults for T2A/cmr/m/n on input line 43.
LaTeX Font Info:    ... okay on input line 43.
LaTeX Font Info:    Checking defaults for PD1/pdf/m/n on input line 43.
LaTeX Font Info:    ... okay on input line 43.
LaTeX Font Info:    Checking defaults for PU/pdf/m/n on input line 43.
LaTeX Font Info:    ... okay on input line 43.

*geometry* driver: auto-detecting
*geometry* detected driver: pdftex
*geometry* verbose mode - [ preamble ] result:
* driver: pdftex
* paper: <default>
* layout: <same size as paper>
* layoutoffset:(h,v)=(0.0pt,0.0pt)
* modes: 
* h-part:(L,W,R)=(56.9055pt, 500.484pt, 56.9055pt)
* v-part:(T,H,B)=(56.9055pt, 681.15898pt, 56.9055pt)
* \paperwidth=614.295pt
* \paperheight=794.96999pt
* \textwidth=500.484pt
* \textheight=681.15898pt
* \oddsidemargin=-15.36449pt
* \evensidemargin=-15.36449pt
* \topmargin=-62.36449pt
* \headheight=17.0pt
* \headsep=30.0pt
* \topskip=17.0pt
* \footskip=35.0pt
* \marginparwidth=2.0pt
* \marginparsep=12.0pt
* \columnsep=10.0pt
* \skip\footins=14.0pt plus 5.0pt minus 3.0pt
* \hoffset=0.0pt
* \voffset=0.0pt
* \mag=1000
* \@twocolumnfalse
* \@twosidefalse
* \@mparswitchfalse
* \@reversemarginfalse
* (1in=72.27pt=25.4mm, 1cm=28.453pt)

\c@lstlisting=\count127
("C:\Program Files\MiKTeX 2.9\tex/context/base/mkii\supp-pdf.mkii"
[Loading MPS to PDF converter (version 2006.09.02).]
\scratchcounter=\count128
\scratchdimen=\dimen140
\scratchbox=\box31
\nofMPsegments=\count129
\nofMParguments=\count130
\everyMPshowfont=\toks25
\MPscratchCnt=\count131
\MPscratchDim=\dimen141
\MPnumerator=\count132
\makeMPintoPDFobject=\count133
\everyMPtoPDFconversion=\toks26
) ("C:\Program Files\MiKTeX 2.9\tex/latex/oberdiek\epstopdf-base.sty"
Package: epstopdf-base 2016/05/15 v2.6 Base part for package epstopdf

("C:\Program Files\MiKTeX 2.9\tex/latex/oberdiek\grfext.sty"
Package: grfext 2016/05/16 v1.2 Manage graphics extensions (HO)
)
Package epstopdf-base Info: Redefining graphics rule for `.eps' on input line 4
38.
Package grfext Info: Graphics extension search list:
(grfext)             [.pdf,.png,.jpg,.mps,.jpeg,.jbig2,.jb2,.PDF,.PNG,.JPG,.JPE
G,.JBIG2,.JB2,.eps]
(grfext)             \AppendGraphicsExtensions on input line 456.
)
\AtBeginShipoutBox=\box32
Package hyperref Info: Link coloring OFF on input line 43.

("C:\Program Files\MiKTeX 2.9\tex/latex/hyperref\nameref.sty"
Package: nameref 2016/05/21 v2.44 Cross-referencing by name of section

("C:\Program Files\MiKTeX 2.9\tex/generic/oberdiek\gettitlestring.sty"
Package: gettitlestring 2016/05/16 v1.5 Cleanup title references (HO)
)
\c@section@level=\count134
)
LaTeX Info: Redefining \ref on input line 43.
LaTeX Info: Redefining \pageref on input line 43.
LaTeX Info: Redefining \nameref on input line 43.

(РњР°С‚Р°РЅ_1_СЃРµРјРµСЃС‚СЂ.out) (РњР°С‚Р°РЅ_1_СЃРµРјРµСЃС‚СЂ.out)
\@outlinefile=\write3
\openout3 = `РњР°С‚Р°РЅ_1_СЃРµРјРµСЃС‚СЂ.out'.


(mainPart.tex (РњР°С‚Р°РЅ_1_СЃРµРјРµСЃС‚СЂ.toc
LaTeX Font Info:    Try loading font information for U+msa on input line 3.

("C:\Program Files\MiKTeX 2.9\tex/latex/amsfonts\umsa.fd"
File: umsa.fd 2013/01/14 v3.01 AMS symbols A
)
LaTeX Font Info:    Try loading font information for U+msb on input line 3.

("C:\Program Files\MiKTeX 2.9\tex/latex/amsfonts\umsb.fd"
File: umsb.fd 2013/01/14 v3.01 AMS symbols B
)
LaTeX Font Info:    Try loading font information for OML+cmr on input line 3.

("C:\Program Files\MiKTeX 2.9\tex/latex/base\omlcmr.fd"
File: omlcmr.fd 2014/09/29 v2.5h Standard LaTeX font definitions
)
LaTeX Font Info:    Font shape `OML/cmr/m/n' in size <17.28> not available
(Font)              Font shape `OML/cmm/m/it' tried instead on input line 3.
LaTeX Font Info:    Font shape `OML/cmr/m/n' in size <12> not available
(Font)              Font shape `OML/cmm/m/it' tried instead on input line 3.
LaTeX Font Info:    Font shape `OML/cmr/m/n' in size <10> not available
(Font)              Font shape `OML/cmm/m/it' tried instead on input line 3.
LaTeX Font Info:    Try loading font information for OMS+cmr on input line 3.

("C:\Program Files\MiKTeX 2.9\tex/latex/base\omscmr.fd"
File: omscmr.fd 2014/09/29 v2.5h Standard LaTeX font definitions
)
LaTeX Font Info:    Font shape `OMS/cmr/m/n' in size <17.28> not available
(Font)              Font shape `OMS/cmsy/m/n' tried instead on input line 3.
LaTeX Font Info:    Font shape `OMS/cmr/m/n' in size <12> not available
(Font)              Font shape `OMS/cmsy/m/n' tried instead on input line 3.
LaTeX Font Info:    Font shape `OMS/cmr/m/n' in size <10> not available
(Font)              Font shape `OMS/cmsy/m/n' tried instead on input line 3.
LaTeX Font Info:    Try loading font information for PD1+cmr on input line 3.
LaTeX Font Info:    No file PD1cmr.fd. on input line 3.


LaTeX Font Warning: Font shape `PD1/cmr/m/n' undefined
(Font)              using `PD1/pdf/m/n' instead on input line 3.

LaTeX Font Info:    Try loading font information for PU+cmr on input line 3.
LaTeX Font Info:    No file PUcmr.fd. on input line 3.

LaTeX Font Warning: Font shape `PU/cmr/m/n' undefined
(Font)              using `PU/pdf/m/n' instead on input line 3.


Overfull \hbox (9.38861pt too wide) in paragraph at lines 6--6
 [][] [][]\T2A/cmr/m/n/17.28 Существование мак-си-му-ма и ми-ни-му-ма ко-неч-но
-го мно- 
 []


Overfull \hbox (15.24109pt too wide) in paragraph at lines 15--15
 [][] [][]\T2A/cmr/m/n/17.28 Свойство ска-ляр-но-го про-из-ве-де-ния. Нера-вен-
ство Коши- 
 []


Overfull \hbox (15.04227pt too wide) in paragraph at lines 18--18
 [][] [][]\T2A/cmr/m/n/17.28 Свойства от-кры-тых мно-жеств. От-кры-тость ша-ра.
 Внут- 
 []

[1

{C:/Users/pashk/AppData/Local/MiKTeX/2.9/pdftex/config/pdftex.map}]
Overfull \hbox (4.87834pt too wide) in paragraph at lines 24--24
 [][] [][]\T2A/cmr/m/n/17.28 Лемма о вло-жен-ных па-рал-ле-ле-пи-пе-дах. Ком-па
кт-ность 
 []


Overfull \hbox (0.35962pt too wide) in paragraph at lines 31--31
 [][] [][]\T2A/cmr/m/n/17.28 Равносильность опре-де-ле-ний пре-де-ла отоб-ра-же
-ния по 
 []

[2]
Overfull \hbox (2.17409pt too wide) in paragraph at lines 54--54
 [][] [][]\T2A/cmr/m/n/17.28 Дифференцируемость и про-из-вод-ная. Рав-но-силь-н
ость 
 []

[3]
Overfull \hbox (18.84741pt too wide) in paragraph at lines 68--68
 [][] [][]\T2A/cmr/m/n/17.28 Формула Тей-ло-ра с оста-точ-ным чле-ном в фор-ме 
Лагран- 
 []


Overfull \hbox (10.91019pt too wide) in paragraph at lines 69--69
 [][] [][]\T2A/cmr/m/n/17.28 Тейлоровское раз-ло-же-ние функ-ций $\OML/cmm/m/it
/17.28 e[]$\T2A/cmr/m/n/17.28 , $[] \OML/cmm/m/it/17.28 x$\T2A/cmr/m/n/17.28 , 
$[] \OML/cmm/m/it/17.28 x$\T2A/cmr/m/n/17.28 , $[]\OT1/cmr/m/n/17.28 (1 + 
 []


Overfull \hbox (8.47531pt too wide) in paragraph at lines 75--75
 [][] [][]\T2A/cmr/m/n/17.28 Второе пра-ви-ло ис-сле-до-ва-ния кри-ти-че-ских т
о-чек. Про- 
 []

[4] [5]
Overfull \hbox (1.7131pt too wide) in paragraph at lines 121--121
 [][] [][]\T2A/cmr/m/n/17.28 Сравнение ло-га-риф-ми-че-ской, сте-пен-ной и по-к
а-за-тель- 
 []

)
\tf@toc=\write4
\openout4 = `РњР°С‚Р°РЅ_1_СЃРµРјРµСЃС‚СЂ.toc'.

 [6] (src/001.tex

LaTeX Warning: Command \textbackslash invalid in math mode on input line 16.


LaTeX Warning: Command \textbackslash invalid in math mode on input line 17.

) [7] (src/002.tex [8])
Overfull \hbox (15.56087pt too wide) in paragraph at lines 10--10
[]\T2A/cmr/bx/n/20.74 Метод ма-те-ма-ти-че-ской ин-дук-ции. Би-ном Нью-
 []

(src/003.tex)
Overfull \hbox (5.02643pt too wide) in paragraph at lines 7--13
[]\OT1/cmr/m/n/17.28 (\OML/cmm/m/it/17.28 C[] \OT1/cmr/m/n/17.28 + \OML/cmm/m/i
t/17.28 C[]\OT1/cmr/m/n/17.28 )\OML/cmm/m/it/17.28 x[]y[] \OT1/cmr/m/n/17.28 + 
\OML/cmm/m/it/17.28 C[]x[]y[] \OT1/cmr/m/n/17.28 = \OML/cmm/m/it/17.28 C[]x[]y[
] \OT1/cmr/m/n/17.28 + [] \OML/cmm/m/it/17.28 C[]x[]y[] \OT1/cmr/m/n/17.28 +
 []

[9] (src/004.tex [10]) (src/005.tex [11]) (src/006.tex
Overfull \hbox (5.20747pt too wide) in paragraph at lines 3--4
[]\T2A/cmr/bx/n/17.28 Теорема. \T2A/cmr/m/n/17.28 Вся-я-кое бес-ко-неч-ное мно-
же-ство со-дер-жит счјт-ное под-
 []


LaTeX Warning: Command \textbackslash invalid in math mode on input line 5.

) (src/007.tex [12]

LaTeX Warning: Command \textbackslash invalid in math mode on input line 11.


LaTeX Warning: Command \textbackslash invalid in math mode on input line 11.

) (src/008.tex
Underfull \hbox (badness 10000) in paragraph at lines 1--2

 []

[13]) (src/009.tex [14]

LaTeX Warning: Command \textbackslash invalid in math mode on input line 7.

)
Overfull \hbox (15.1202pt too wide) in paragraph at lines 31--31
[]\T2A/cmr/bx/n/20.74 Единственность пре-де-ла по-сле-до-ва-тель-но-сти.
 []

(src/010.tex [15]) (src/011.tex
Overfull \hbox (7.37122pt too wide) in paragraph at lines 3--4
[]\T2A/cmr/bx/n/17.28 Теорема. Пре-дель-ный-пе-ре-ход в нера-вен-стве. \T2A/cmr
/m/n/17.28 Пусть $[]$, $[]$ ---
 []

[16])
Overfull \hbox (4.15942pt too wide) in paragraph at lines 37--37
\T2A/cmr/bx/n/20.74 ствия над схо-дя-щи-ми-ся по-сле-до-ва-тель-но-стя-
 []

(src/012.tex
Overfull \hbox (9.1162pt too wide) in paragraph at lines 3--4
[]\T2A/cmr/bx/n/17.28 Определение. \T2A/cmr/m/n/17.28 По-сле-до-ва-тель-ность в
е-ще-ствен-ных или ком-плекс-
 []

[17]
Overfull \hbox (10.86566pt too wide) in paragraph at lines 13--18
\T2A/cmr/bx/n/17.28 по-сле-до-ва-тель-но-стя-ми в нор-ми-ро-ван-ном про-стран-с
тве. \T2A/cmr/m/n/17.28 Пусть
 []

[18]) (src/013.tex [19] (src/113.tex)
Underfull \hbox (badness 10000) in paragraph at lines 27--32

 []

[20])
LaTeX Font Info:    Font shape `OML/cmr/m/n' in size <20.74> not available
(Font)              Font shape `OML/cmm/m/it' tried instead on input line 43.
LaTeX Font Info:    Font shape `OML/cmr/m/n' in size <14.4> not available
(Font)              Font shape `OML/cmm/m/it' tried instead on input line 43.
LaTeX Font Info:    Font shape `OMS/cmr/m/n' in size <20.74> not available
(Font)              Font shape `OMS/cmsy/m/n' tried instead on input line 43.
LaTeX Font Info:    Font shape `OMS/cmr/m/n' in size <14.4> not available
(Font)              Font shape `OMS/cmsy/m/n' tried instead on input line 43.


Package hyperref Warning: Token not allowed in a PDF string (Unicode):
(hyperref)                removing `math shift' on input line 43.


Package hyperref Warning: Token not allowed in a PDF string (Unicode):
(hyperref)                removing `superscript' on input line 43.


Package hyperref Warning: Token not allowed in a PDF string (Unicode):
(hyperref)                removing `math shift' on input line 43.


Package hyperref Warning: Token not allowed in a PDF string (Unicode):
(hyperref)                removing `math shift' on input line 43.


Package hyperref Warning: Token not allowed in a PDF string (Unicode):
(hyperref)                removing `superscript' on input line 43.


Package hyperref Warning: Token not allowed in a PDF string (Unicode):
(hyperref)                removing `math shift' on input line 43.

(src/014.tex [21]) (src/015.tex [22]
Overfull \hbox (7.07994pt too wide) in paragraph at lines 17--18
[]\T2A/cmr/bx/n/17.28 Определение. \T2A/cmr/m/n/17.28 По-сле-до-ва-тель-ность н
а-зы-ва-ет-ся бес-ко-неч-но боль-
 []


Overfull \hbox (8.43852pt too wide) in paragraph at lines 31--41
[]\T2A/cmr/bx/n/17.28 Теорема. Ариф-ме-ти-че-ские дей-ствия над бес-ко-неч-но б
оль-
 []

[23])
Overfull \hbox (60.02365pt too wide) in paragraph at lines 48--49
\T2A/cmr/m/n/17.28 свой-ствах мож-но объ-еди-нить сле-ду-ю-щей фор-му-ли-ров-ко
й. Ес-ле $\OMS/cmsy/m/n/17.28 f\OML/cmm/m/it/17.28 x[]\OMS/cmsy/m/n/17.28 g\OML
/cmm/m/it/17.28 ; \OMS/cmsy/m/n/17.28 f\OML/cmm/m/it/17.28 y[]\OMS/cmsy/m/n/17.
28 g$\T2A/cmr/m/n/17.28 `---
 []

[24] (src/016.tex
Overfull \hbox (18.74767pt too wide) in paragraph at lines 20--22
\T2A/cmr/m/n/17.28 2. Пусть за-да-но ко-неч-ное се-мей-ство от-кры-тых мно-же-с
тво $\OMS/cmsy/m/n/17.28 f\OML/cmm/m/it/17.28 G\OMS/cmsy/m/n/17.28 g[]\OML/cmm/
m/it/17.28 ;  G \OT1/cmr/m/n/17.28 =
 []

[25]) [26] (src/017.tex [27] [28]

LaTeX Warning: Command \textbackslash invalid in math mode on input line 51.

)
Overfull \hbox (12.914pt too wide) in paragraph at lines 55--55
[]\T2A/cmr/bx/n/20.74 Открытость и за-мкну-тость от-но-си-тель-но про-
 []

(src/018.tex [29]

LaTeX Warning: Command \textbackslash invalid in math mode on input line 9.


LaTeX Warning: Command \textbackslash invalid in math mode on input line 9.


LaTeX Warning: Command \textbackslash invalid in math mode on input line 9.


LaTeX Warning: Command \textbackslash invalid in math mode on input line 9.

) (src/019.tex [30]) [31]
Overfull \hbox (18.1748pt too wide) in paragraph at lines 61--61
[]\T2A/cmr/bx/n/20.74 Компактность, за-мкну-тость и огра-ни-чен-ность 
 []

(src/020.tex) [32] (src/021.tex) [33]
Overfull \hbox (13.06473pt too wide) in paragraph at lines 67--67
[]\T2A/cmr/bx/n/20.74 Лемма о вло-жен-ных па-рал-ле-ле-пи-пе-дах. Ком-
 []

(src/022.tex) [34]

Package hyperref Warning: Token not allowed in a PDF string (Unicode):
(hyperref)                removing `math shift' on input line 70.


Package hyperref Warning: Token not allowed in a PDF string (Unicode):
(hyperref)                removing `superscript' on input line 70.


Package hyperref Warning: Token not allowed in a PDF string (Unicode):
(hyperref)                removing `math shift' on input line 70.

(src/023.tex [35] [36])

Package hyperref Warning: Token not allowed in a PDF string (Unicode):
(hyperref)                removing `math shift' on input line 73.


Package hyperref Warning: Token not allowed in a PDF string (Unicode):
(hyperref)                removing `superscript' on input line 73.


Package hyperref Warning: Token not allowed in a PDF string (Unicode):
(hyperref)                removing `math shift' on input line 73.

(src/024.tex [37] [38]) (src/025.tex [39]
Overfull \hbox (9.56157pt too wide) in paragraph at lines 3--4
\T2A/cmr/m/n/17.28 по-сле-до-ва-тель-ность стя-ги-ва-ю-щих-ся от-рез-ков. То-гд
а пе-ре-се-че-ние всех
 []


Overfull \hbox (12.33652pt too wide) in paragraph at lines 13--19
\T2A/cmr/m/n/17.28 Рассмотрим се-ре-ди-ну от-рез-ка $\OT1/cmr/m/n/17.28 [\OML/c
mm/m/it/17.28 a[]; b[]\OT1/cmr/m/n/17.28 ]$ \T2A/cmr/m/n/17.28 --- точ-ку $[]$.
 По-ло-жим $\OT1/cmr/m/n/17.28 [\OML/cmm/m/it/17.28 a[]; b[]\OT1/cmr/m/n/17.28 
] =
 []


Overfull \hbox (6.97435pt too wide) in paragraph at lines 13--19
\OT1/cmr/m/n/17.28 [\OML/cmm/m/it/17.28 a[]; []\OT1/cmr/m/n/17.28 ]$\T2A/cmr/m/
n/17.28 , ес-ли $\OT1/cmr/m/n/17.28 ([]\OML/cmm/m/it/17.28 ; b[]\OT1/cmr/m/n/17
.28 ] \OMS/cmsy/m/n/17.28 \ \OML/cmm/m/it/17.28 E \OT1/cmr/m/n/17.28 = \U/msb/m
/n/17.28 ?$\T2A/cmr/m/n/17.28 , и $\OT1/cmr/m/n/17.28 [\OML/cmm/m/it/17.28 a[];
 b[]\OT1/cmr/m/n/17.28 ] = [[]\OML/cmm/m/it/17.28 ; b[]\OT1/cmr/m/n/17.28 ]$\T2
A/cmr/m/n/17.28 , ес-ли $\OT1/cmr/m/n/17.28 ([]\OML/cmm/m/it/17.28 ; b[]\OT1/cm
r/m/n/17.28 ] \OMS/cmsy/m/n/17.28 \
 []

[40]) (src/026.tex [41]
Overfull \hbox (23.44456pt too wide) in paragraph at lines 8--8
\T2A/cmr/m/n/17.28 до-ва-тель-ность $\OMS/cmsy/m/n/17.28 f\OML/cmm/m/it/17.28 x
[]\OMS/cmsy/m/n/17.28 g$ \T2A/cmr/m/n/17.28 огра-ни-че-на свер-ху. По тео-ре-ме
 су-ще-ству-ет $[] \OML/cmm/m/it/17.28 x[] \OT1/cmr/m/n/17.28 =
 []

[42])

Package hyperref Warning: Token not allowed in a PDF string (Unicode):
(hyperref)                removing `math shift' on input line 82.


Package hyperref Warning: Token not allowed in a PDF string (Unicode):
(hyperref)                removing `\mathop' on input line 82.


Package hyperref Warning: Token not allowed in a PDF string (Unicode):
(hyperref)                removing `\mathgroup' on input line 82.


Package hyperref Warning: Token not allowed in a PDF string (Unicode):
(hyperref)                removing `\symoperators' on input line 82.


Package hyperref Warning: Token not allowed in a PDF string (Unicode):
(hyperref)                removing `\nmlimits@' on input line 82.


Package hyperref Warning: Token not allowed in a PDF string (Unicode):
(hyperref)                removing `superscript' on input line 82.


Package hyperref Warning: Token not allowed in a PDF string (Unicode):
(hyperref)                removing `math shift' on input line 82.


Package hyperref Warning: Token not allowed in a PDF string (Unicode):
(hyperref)                removing `math shift' on input line 82.


Package hyperref Warning: Token not allowed in a PDF string (Unicode):
(hyperref)                removing `math shift' on input line 82.

(src/027.tex [43] [44]) (src/028.tex
Overfull \hbox (2.92659pt too wide) in paragraph at lines 5--6
[]\T2A/cmr/bx/n/17.28 Определение. \T2A/cmr/m/n/17.28 Пусть по-сле-до-ва-тель-н
ость $\OMS/cmsy/m/n/17.28 f\OML/cmm/m/it/17.28 x[]\OMS/cmsy/m/n/17.28 g$ \T2A/c
mr/m/n/17.28 огра-ни-че-на свер-
 []

[45]
Overfull \hbox (5.40302pt too wide) in paragraph at lines 22--23
\T2A/cmr/m/n/17.28 для че-го по-стро-им пол-по-сле-до-ва-тель-ность по-сле-до-в
а-тель-но-сти $\OMS/cmsy/m/n/17.28 f\OML/cmm/m/it/17.28 x[]\OMS/cmsy/m/n/17.28 
g$\T2A/cmr/m/n/17.28 ,
 []

[46]) (src/029.tex [47]

LaTeX Warning: Command \textbackslash invalid in math mode on input line 4.


LaTeX Warning: Command \textbackslash invalid in math mode on input line 7.


LaTeX Warning: Command \textbackslash invalid in math mode on input line 17.


LaTeX Warning: Command \textbackslash invalid in math mode on input line 17.

[48])
Overfull \hbox (16.40918pt too wide) in paragraph at lines 91--91
\T2A/cmr/bx/n/20.74 щих пре-дел (един-ствен-ность пре-де-ла, ло-каль-
 []

(src/030.tex
Overfull \hbox (30.14314pt too wide) in paragraph at lines 5--6
[]\T2A/cmr/bx/n/17.28 Доказательство. \T2A/cmr/m/n/17.28 Возь-мјм по-сле-до-ва-
тель-ность $\OMS/cmsy/m/n/17.28 f\OML/cmm/m/it/17.28 x[]\OMS/cmsy/m/n/17.28 g \
OT1/cmr/m/n/17.28 : \OML/cmm/m/it/17.28 x[] \OMS/cmsy/m/n/17.28 2 \OML/cmm/m/it
/17.28 D;  x[] \OMS/cmsy/m/n/17.28 6\OT1/cmr/m/n/17.28 =
 []

[49]
Overfull \hbox (10.8724pt too wide) in paragraph at lines 26--32
[]\T2A/cmr/bx/n/17.28 Теорема. Ариф-ме-ти-че-ские дей-ствия над функ-ци-я-ми, и
ме-
 []


Overfull \hbox (16.43907pt too wide) in paragraph at lines 26--32
\OML/cmm/m/it/17.28 X \OMS/cmsy/m/n/17.28 ! \U/msb/m/n/17.28 R\OT1/cmr/m/n/17.2
8 (\U/msb/m/n/17.28 C\OT1/cmr/m/n/17.28 )\OML/cmm/m/it/17.28 ;  a$ \T2A/cmr/m/n
/17.28 --- пре-дель-ная точ-ка $\OML/cmm/m/it/17.28 D;  a; b \OMS/cmsy/m/n/17.2
8 2 \U/msb/m/n/17.28 R\OML/cmm/m/it/17.28 ;  f\OT1/cmr/m/n/17.28 (\OML/cmm/m/it
/17.28 x\OT1/cmr/m/n/17.28 ) [] \OML/cmm/m/it/17.28 A;  g\OT1/cmr/m/n/17.28 (\O
ML/cmm/m/it/17.28 x\OT1/cmr/m/n/17.28 ) []
 []

[50])
Overfull \hbox (15.75795pt too wide) in paragraph at lines 94--94
[]\T2A/cmr/bx/n/20.74 Предельный пе-ре-ход в нера-вен-стве для функ-
 []

(src/031.tex [51]

LaTeX Warning: Command \textbackslash invalid in math mode on input line 3.


LaTeX Warning: Command \textbackslash invalid in math mode on input line 7.

) [52] (src/032.tex [53])
Overfull \hbox (3.45193pt too wide) in paragraph at lines 100--100
[]\T2A/cmr/bx/n/20.74 Критерий Больцано-Коши для отоб-ра-же-ний 
 []

(src/033.tex [54]) (src/034.tex

LaTeX Warning: Command \textbackslash invalid in math mode on input line 3.


LaTeX Warning: Command \textbackslash invalid in math mode on input line 3.


Overfull \hbox (10.5272pt too wide) in paragraph at lines 3--4
[]\T2A/cmr/bx/n/17.28 Определение. \T2A/cmr/m/n/17.28 Пусть $\OML/cmm/m/it/17.2
8 D[]; D[] \OMS/cmsy/m/n/17.28  \U/msb/m/n/17.28 R\OML/cmm/m/it/17.28 ;   a$ \
T2A/cmr/m/n/17.28 --- пре-дель-ная точ-ка $\OML/cmm/m/it/17.28 D[];   b$ \T2A/c
mr/m/n/17.28 ---
 []


LaTeX Warning: Command \textbackslash invalid in math mode on input line 5.


LaTeX Warning: Command \textbackslash invalid in math mode on input line 8.

[55]

LaTeX Warning: Command \textbackslash invalid in math mode on input line 12.


LaTeX Warning: Command \textbackslash invalid in math mode on input line 12.


LaTeX Warning: Command \textbackslash invalid in math mode on input line 14.


Overfull \hbox (44.20244pt too wide) in paragraph at lines 12--14
\T2A/cmr/m/n/17.28 1. су-ще-ству-ет ко-неч-ный или бес-ко-неч-ный двой-ной пре-
дел $[] \OML/cmm/m/it/17.28 f\OT1/cmr/m/n/17.28 (\OML/cmm/m/it/17.28 x; y\OT1/c
mr/m/n/17.28 ) =
 []

[56]) (src/035.tex
Overfull \hbox (0.74747pt too wide) in paragraph at lines 5--5
[]\T2A/cmr/bx/n/17.28 Теорема. За-ме-на на эк-ви-ва-лент-ную при вы-чис-ле-нии 
пре-
 []


Overfull \hbox (6.09605pt too wide) in paragraph at lines 5--9
\T2A/cmr/m/n/17.28 2. Ес-ли $\OML/cmm/m/it/17.28 x[]$ \T2A/cmr/m/n/17.28 --- пр
е-дель-ная точ-ка об-ла-сти опре-де-ле-ния $[]$, то $[] [] \OT1/cmr/m/n/17.28 =

 []

[57])
Overfull \hbox (1.68199pt too wide) in paragraph at lines 21--109
\T2A/cmr/m/n/17.28 Аналогично опре-де-ля-ет-ся на-клон-ная асимп-то-та при $\OM
L/cmm/m/it/17.28 x \OMS/cmsy/m/n/17.28 !  1$ \T2A/cmr/m/n/17.28 функ-
 []

[58] (src/036.tex
Overfull \hbox (2.77298pt too wide) in paragraph at lines 3--3
[]\T2A/cmr/bx/n/17.28 Теорема. Един-ствен-ность асимп-то-ти-че-ско-го раз-ло-же
-ния.
 []

[59]

LaTeX Warning: Command \CYRE invalid in math mode on input line 8.

Missing character: There is no Е in font cmr17!
) (src/037.tex (src/125.tex [60]) [61]

LaTeX Warning: Command \textbackslash invalid in math mode on input line 18.

)
Overfull \hbox (4.42815pt too wide) in paragraph at lines 115--115
[]\T2A/cmr/bx/n/20.74 Арифметические дей-ствия над на-пре-рыв-ны-
 []


Overfull \hbox (31.53366pt too wide) in paragraph at lines 115--115
\T2A/cmr/bx/n/20.74 ми отоб-ра-же-ни-я-ми. Ста-би-ли-за-ция зна-ка непре-
 []

(src/038.tex [62]) (src/039.tex
Overfull \hbox (0.43509pt too wide) in paragraph at lines 5--6
[]\T2A/cmr/bx/n/17.28 Доказательство. \T2A/cmr/m/n/17.28 Возь-мјм по-сле-до-ва-
тель-ность $\OMS/cmsy/m/n/17.28 f\OML/cmm/m/it/17.28 x[]\OMS/cmsy/m/n/17.28 g$\
T2A/cmr/m/n/17.28 , та-кую что
 []

[63]) (src/040.tex [64])
Overfull \hbox (2.10081pt too wide) in paragraph at lines 124--124
[]\T2A/cmr/bx/n/20.74 Теорема Вей-ер-штрас-са о непре-рыв-ных отоб-
 []

(src/041.tex [65] [66]) (src/042.tex [67])
Overfull \hbox (31.79799pt too wide) in paragraph at lines 130--130
[]\T2A/cmr/bx/n/20.74 Теорема Больцано-Коши о непре-рыв-ных функ-
 []

(src/043.tex [68]
Overfull \hbox (47.55072pt too wide) in paragraph at lines 5--6
[]\T2A/cmr/bx/n/17.28 Доказательство. \T2A/cmr/m/n/17.28 1. Пусть чис-ла $\OML/
cmm/m/it/17.28 f\OT1/cmr/m/n/17.28 (\OML/cmm/m/it/17.28 X\OT1/cmr/m/n/17.28 )\O
ML/cmm/m/it/17.28 ; f\OT1/cmr/m/n/17.28 (\OML/cmm/m/it/17.28 b\OT1/cmr/m/n/17.2
8 )$ \T2A/cmr/m/n/17.28 раз-ных зна-ков: $\OML/cmm/m/it/17.28 f\OT1/cmr/m/n/17.
28 (\OML/cmm/m/it/17.28 a\OT1/cmr/m/n/17.28 )\OML/cmm/m/it/17.28 f\OT1/cmr/m/n/
17.28 (\OML/cmm/m/it/17.28 b\OT1/cmr/m/n/17.28 ) \OML/cmm/m/it/17.28 <
 []


LaTeX Warning: Command \textbackslash invalid in math mode on input line 11.

[69]
Overfull \hbox (8.26pt too wide) in paragraph at lines 13--13
[]\T2A/cmr/bx/n/17.28 Замечание 4.  \T2A/cmr/m/n/17.28 Дру-гой спо-соб до-ка-за
-тель-ства тео-ре-мы Больцано-
 []

) (src/044.tex [70])
Overfull \hbox (22.0288pt too wide) in paragraph at lines 136--136
[]\T2A/cmr/bx/n/20.74 Теорема Больцано-Коши о непре-рыв-ных отоб-
 []

(src/045.tex [71])
Overfull \hbox (0.80602pt too wide) in paragraph at lines 14--139
\T2A/cmr/m/n/17.28 есть от-ре-зок $\OT1/cmr/m/n/17.28 [0\OML/cmm/m/it/17.28 ; \
OT1/cmr/m/n/17.28 1]$\T2A/cmr/m/n/17.28 . Од-на-ко для мо-но-тон-ной функ-ции о
б-рат-ное утвер-
 []


Overfull \hbox (11.50856pt too wide) in paragraph at lines 139--139
[]\T2A/cmr/bx/n/20.74 Разрывы и непре-рыв-ность мо-но-тон-ной функ-
 []

(src/046.tex
Overfull \hbox (15.47112pt too wide) in paragraph at lines 3--6
[]\T2A/cmr/bx/n/17.28 Теорема. О раз-ры-вах и непре-рыв-но-стях мо-но-тон-ной ф
унк-
 []

[72]) (src/047.tex [73]) [74] (src/048.tex

LaTeX Warning: Command \textbackslash invalid in math mode on input line 9.


LaTeX Warning: Command \textbackslash invalid in math mode on input line 9.

[75] [76])
Overfull \hbox (12.5209pt too wide) in paragraph at lines 148--148
[]\T2A/cmr/bx/n/20.74 Свойства по-ка-за-тель-ной функ-ции и ло-га-риф-
 []

(src/049.tex [77]
Overfull \hbox (13.35468pt too wide) in paragraph at lines 15--16
\T2A/cmr/m/n/17.28 Непрерывность в про-из-воль-ной точ-ке $\OML/cmm/m/it/17.28 
x[]$ \T2A/cmr/m/n/17.28 сле-ду-ет из до-ка-зан-ной непре-
 []

[78] [79])
Overfull \hbox (11.93561pt too wide) in paragraph at lines 151--151
[]\T2A/cmr/bx/n/20.74 Непрерывность три-го-но-мет-ри-че-ских и об-рат-
 []

(src/050.tex
<./images/sintan.png, id=1006, 298.716pt x 227.6505pt>
File: ./images/sintan.png Graphic file (type png)
<use ./images/sintan.png>
Package pdftex.def Info: ./images/sintan.png  used on input line 6.
(pdftex.def)             Requested size: 298.71526pt x 227.64993pt.
 [80 <./images/sintan.png>]) [81] (src/051.tex

LaTeX Warning: Command \textbackslash invalid in math mode on input line 12.


Overfull \hbox (6.94717pt too wide) in paragraph at lines 12--15
\T2A/cmr/m/n/17.28 Возь-мјм по-сле-до-ва-тель-ность $\OMS/cmsy/m/n/17.28 f\OML/
cmm/m/it/17.28 x[]\OMS/cmsy/m/n/17.28 g \OT1/cmr/m/n/17.28 : \OML/cmm/m/it/17.2
8 x[] \OMS/cmsy/m/n/17.28 ! 1$ \T2A/cmr/m/n/17.28 и до-ка-жем, что $\OML/cmm/m/
it/17.28 f\OT1/cmr/m/n/17.28 (\OML/cmm/m/it/17.28 x[]\OT1/cmr/m/n/17.28 ) \OMS/
cmsy/m/n/17.28 !
 []

[82] [83] [84]) (src/052.tex [85]) (src/053.tex [86]

LaTeX Warning: Command \cyrb invalid in math mode on input line 4.

Missing character: There is no б in font cmr17!
) [87] (src/054.tex
Overfull \hbox (12.30861pt too wide) in paragraph at lines 16--16
[]\T2A/cmr/bx/n/17.28 Следствие 2.  Ли-ней-ность диф-фе-рен-ци-ро-ва-ния. \T2A/
cmr/m/n/17.28 Ес-ли $\OML/cmm/m/it/17.28 ;  \OMS/cmsy/m/n/17.28 2
 []

[88]) (src/055.tex
Overfull \hbox (19.52837pt too wide) in paragraph at lines 3--3
[]\T2A/cmr/bx/n/17.28 Теорема. Про-из-вод-ная ком-по-зи-ции. \T2A/cmr/m/n/17.28
 Ес-ли функ-ция $\OML/cmm/m/it/17.28 f \OT1/cmr/m/n/17.28 : \OMS/cmsy/m/n/17.28
 h\OML/cmm/m/it/17.28 a; b\OMS/cmsy/m/n/17.28 i !
 []

[89])
Overfull \hbox (0.51057pt too wide) in paragraph at lines 169--169
[]\T2A/cmr/bx/n/20.74 Производная об-рат-ной функ-ции и функ-ции,
 []

(src/056.tex
Overfull \hbox (37.64885pt too wide) in paragraph at lines 3--3
[]\T2A/cmr/bx/n/17.28 Теорема. Про-из-вод-ная об-рат-ной функ-ции. \T2A/cmr/m/n
/17.28 Пусть $\OML/cmm/m/it/17.28 f \OMS/cmsy/m/n/17.28 2 \OML/cmm/m/it/17.28 C
\OMS/cmsy/m/n/17.28 h\OML/cmm/m/it/17.28 a; b\OMS/cmsy/m/n/17.28 i\OML/cmm/m/it
/17.28 ;   f$
 []

[90]) [91] (src/057.tex [92]
Overfull \hbox (17.87907pt too wide) in paragraph at lines 19--19
[]\T2A/cmr/bx/n/17.28 Доказательство. \T2A/cmr/m/n/17.28 По за-ме-ча-тель-но-му
 пре-де-лу для си-ну-са и непре-
 []

[93]) (src/058.tex [94]) (src/059.tex
Overfull \hbox (5.83842pt too wide) in paragraph at lines 10--11
[]\T2A/cmr/bx/n/17.28 Замечание 2.  \T2A/cmr/m/n/17.28 Все усло-вия тео-ре-мы Р
ол-ля су-ще-ствен-ны. $\OML/cmm/m/it/17.28 f\OT1/cmr/m/n/17.28 (\OML/cmm/m/it/1
7.28 X\OT1/cmr/m/n/17.28 ) =
 []

[95]) (src/060.tex [96])

Package hyperref Warning: Token not allowed in a PDF string (Unicode):
(hyperref)                removing `math shift' on input line 184.


Package hyperref Warning: Token not allowed in a PDF string (Unicode):
(hyperref)                removing `\begingroup' on input line 184.


Package hyperref Warning: Token not allowed in a PDF string (Unicode):
(hyperref)                removing `\endgroup' on input line 184.


Package hyperref Warning: Token not allowed in a PDF string (Unicode):
(hyperref)                removing `\@@over' on input line 184.


Package hyperref Warning: Token not allowed in a PDF string (Unicode):
(hyperref)                removing `math shift' on input line 184.

(src/061.tex [97] [98])

Package hyperref Warning: Token not allowed in a PDF string (Unicode):
(hyperref)                removing `math shift' on input line 187.


Package hyperref Warning: Token not allowed in a PDF string (Unicode):
(hyperref)                removing `\begingroup' on input line 187.


Package hyperref Warning: Token not allowed in a PDF string (Unicode):
(hyperref)                removing `\infty' on input line 187.


Package hyperref Warning: Token not allowed in a PDF string (Unicode):
(hyperref)                removing `\endgroup' on input line 187.


Package hyperref Warning: Token not allowed in a PDF string (Unicode):
(hyperref)                removing `\@@over' on input line 187.


Package hyperref Warning: Token not allowed in a PDF string (Unicode):
(hyperref)                removing `\infty' on input line 187.


Package hyperref Warning: Token not allowed in a PDF string (Unicode):
(hyperref)                removing `math shift' on input line 187.

(src/062.tex

LaTeX Warning: Command \cyrs invalid in math mode on input line 5.

Missing character: There is no с in font cmr12!
[99] [100]) (src/063.tex [101]) (src/064.tex [102] [103]) (src/065.tex [104]

LaTeX Warning: Command \CYRT invalid in math mode on input line 3.


LaTeX Warning: Command \cyre invalid in math mode on input line 3.


LaTeX Warning: Command \cyro invalid in math mode on input line 3.


LaTeX Warning: Command \cyrr invalid in math mode on input line 3.


LaTeX Warning: Command \cyre invalid in math mode on input line 3.


LaTeX Warning: Command \cyrm invalid in math mode on input line 3.


LaTeX Warning: Command \cyra invalid in math mode on input line 3.

Missing character: There is no Т in font cmr17!
Missing character: There is no е in font cmr17!
Missing character: There is no о in font cmr17!
Missing character: There is no р in font cmr17!
Missing character: There is no е in font cmr17!
Missing character: There is no м in font cmr17!
Missing character: There is no а in font cmr17!
[105]) (src/066.tex
Overfull \hbox (5.86342pt too wide) in paragraph at lines 3--3
[]\T2A/cmr/bx/n/17.28 Теорема. Фор-му-ла Тей-ло-ра -- Лагран-жа. \T2A/cmr/m/n/1
7.28 Пусть $\OML/cmm/m/it/17.28 n \OMS/cmsy/m/n/17.28 2 \U/msb/m/n/17.28 Z[]\OM
L/cmm/m/it/17.28 ;   f \OMS/cmsy/m/n/17.28 2
 []


Overfull \hbox (14.63252pt too wide) in paragraph at lines 3--3
\OML/cmm/m/it/17.28 C[]\OMS/cmsy/m/n/17.28 h\OT1/cmr/m/n/17.28 (\OML/cmm/m/it/1
7.28 ; a\OMS/cmsy/m/n/17.28 i\OML/cmm/m/it/17.28 b\OT1/cmr/m/n/17.28 )\OML/cmm/
m/it/17.28 ;   f$ \T2A/cmr/m/n/17.28 диф-фе-рен-ци-ру-е-ма $\OML/cmm/m/it/17.28
 n \OT1/cmr/m/n/17.28 + 1$ \T2A/cmr/m/n/17.28 раз на $\OT1/cmr/m/n/17.28 (\OML/
cmm/m/it/17.28 a; b\OT1/cmr/m/n/17.28 )\OML/cmm/m/it/17.28 ;   x[]; x \OMS/cmsy
/m/n/17.28 2 h\OML/cmm/m/it/17.28 a; b\OMS/cmsy/m/n/17.28 i\OML/cmm/m/it/17.28 
;   x \OMS/cmsy/m/n/17.28 6\OT1/cmr/m/n/17.28 =
 []

[106]) [107]

Package hyperref Warning: Token not allowed in a PDF string (Unicode):
(hyperref)                removing `math shift' on input line 202.


Package hyperref Warning: Token not allowed in a PDF string (Unicode):
(hyperref)                removing `superscript' on input line 202.


Package hyperref Warning: Token not allowed in a PDF string (Unicode):
(hyperref)                removing `math shift' on input line 202.


Package hyperref Warning: Token not allowed in a PDF string (Unicode):
(hyperref)                removing `math shift' on input line 202.


Package hyperref Warning: Token not allowed in a PDF string (Unicode):
(hyperref)                removing `\mathop' on input line 202.


Package hyperref Warning: Token not allowed in a PDF string (Unicode):
(hyperref)                removing `\mathgroup' on input line 202.


Package hyperref Warning: Token not allowed in a PDF string (Unicode):
(hyperref)                removing `\symoperators' on input line 202.


Package hyperref Warning: Token not allowed in a PDF string (Unicode):
(hyperref)                removing `\@ifnextchar' on input line 202.


Package hyperref Warning: Token not allowed in a PDF string (Unicode):
(hyperref)                removing `math shift' on input line 202.


Package hyperref Warning: Token not allowed in a PDF string (Unicode):
(hyperref)                removing `math shift' on input line 202.


Package hyperref Warning: Token not allowed in a PDF string (Unicode):
(hyperref)                removing `\mathop' on input line 202.


Package hyperref Warning: Token not allowed in a PDF string (Unicode):
(hyperref)                removing `\mathgroup' on input line 202.


Package hyperref Warning: Token not allowed in a PDF string (Unicode):
(hyperref)                removing `\symoperators' on input line 202.


Package hyperref Warning: Token not allowed in a PDF string (Unicode):
(hyperref)                removing `\@ifnextchar' on input line 202.


Package hyperref Warning: Token not allowed in a PDF string (Unicode):
(hyperref)                removing `math shift' on input line 202.


Package hyperref Warning: Token not allowed in a PDF string (Unicode):
(hyperref)                removing `math shift' on input line 202.


Package hyperref Warning: Token not allowed in a PDF string (Unicode):
(hyperref)                removing `\mathop' on input line 202.


Package hyperref Warning: Token not allowed in a PDF string (Unicode):
(hyperref)                removing `\mathgroup' on input line 202.


Package hyperref Warning: Token not allowed in a PDF string (Unicode):
(hyperref)                removing `\symoperators' on input line 202.


Package hyperref Warning: Token not allowed in a PDF string (Unicode):
(hyperref)                removing `\@ifnextchar' on input line 202.


Package hyperref Warning: Token not allowed in a PDF string (Unicode):
(hyperref)                removing `math shift' on input line 202.


Package hyperref Warning: Token not allowed in a PDF string (Unicode):
(hyperref)                removing `math shift' on input line 202.


Package hyperref Warning: Token not allowed in a PDF string (Unicode):
(hyperref)                removing `superscript' on input line 202.


Package hyperref Warning: Token not allowed in a PDF string (Unicode):
(hyperref)                removing `\alpha' on input line 202.


Package hyperref Warning: Token not allowed in a PDF string (Unicode):
(hyperref)                removing `math shift' on input line 202.

(src/067.tex (src/137.tex) [108])

Package hyperref Warning: Token not allowed in a PDF string (Unicode):
(hyperref)                removing `math shift' on input line 205.


Package hyperref Warning: Token not allowed in a PDF string (Unicode):
(hyperref)                removing `math shift' on input line 205.

(src/068.tex) (src/069.tex [109]
Overfull \hbox (49.53293pt too wide) in paragraph at lines 3--3
\T2A/cmr/bx/n/17.28 неопре-де-лјн-но-стей. \T2A/cmr/m/n/17.28 Пусть $\OML/cmm/m
/it/17.28 f; g \OT1/cmr/m/n/17.28 : \OMS/cmsy/m/n/17.28 h\OML/cmm/m/it/17.28 a;
 b\OMS/cmsy/m/n/17.28 i ! \U/msb/m/n/17.28 R\OML/cmm/m/it/17.28 ;   x[] \OMS/cm
sy/m/n/17.28 2 h\OML/cmm/m/it/17.28 a; b\OMS/cmsy/m/n/17.28 i\OML/cmm/m/it/17.2
8 ;   n in\U/msb/m/n/17.28 N$\T2A/cmr/m/n/17.28 ,функции
 []

) (src/070.tex [110] [111])
Overfull \hbox (5.61948pt too wide) in paragraph at lines 214--214
[]\T2A/cmr/bx/n/20.74 Доказательство нера-вен-ства с по-мо-щью про-
 []

(src/071.tex [112])
Overfull \hbox (23.64586pt too wide) in paragraph at lines 217--217
[]\T2A/cmr/bx/n/20.74 Необходимое усло-вие экс-тре-му-ма. Пер-вое пра-
 []

(src/072.tex [113]
Overfull \hbox (23.14137pt too wide) in paragraph at lines 3--4
[]\T2A/cmr/bx/n/17.28 Теорема. Необ-хо-ди-мое су-ло-вие экс-тре-му-ма. \T2A/cmr
/m/n/17.28 Пусть $\OML/cmm/m/it/17.28 f \OT1/cmr/m/n/17.28 : \OMS/cmsy/m/n/17.2
8 h\OML/cmm/m/it/17.28 a; b\OMS/cmsy/m/n/17.28 i !
 []


LaTeX Warning: Command \textbackslash invalid in math mode on input line 13.

) [114]

Package hyperref Warning: Token not allowed in a PDF string (Unicode):
(hyperref)                removing `math shift' on input line 220.


Package hyperref Warning: Token not allowed in a PDF string (Unicode):
(hyperref)                removing `superscript' on input line 220.


Package hyperref Warning: Token not allowed in a PDF string (Unicode):
(hyperref)                removing `superscript' on input line 220.


Package hyperref Warning: Token not allowed in a PDF string (Unicode):
(hyperref)                removing `math shift' on input line 220.

(src/073.tex
Overfull \hbox (3.51215pt too wide) in paragraph at lines 3--3
[]\T2A/cmr/bx/n/17.28 Теорема. Вто-рое про-ави-ло ис-сле-до-ва-ния кри-ти-че-ск
их то-
 []

[115]

LaTeX Warning: Command \textbackslash invalid in math mode on input line 13.

) (src/074.tex [116]
<./images/threechords.png, id=1163, 303.534pt x 216.20775pt>
File: ./images/threechords.png Graphic file (type png)
<use ./images/threechords.png>
Package pdftex.def Info: ./images/threechords.png  used on input line 4.
(pdftex.def)             Requested size: 303.53325pt x 216.20721pt.
 [117 <./images/threechords.png>]

LaTeX Warning: Command \textbackslash invalid in math mode on input line 10.


LaTeX Warning: Command \textbackslash invalid in math mode on input line 10.

) (src/075.tex
Overfull \hbox (5.97331pt too wide) in paragraph at lines 3--3
[]\T2A/cmr/bx/n/17.28 Теорема. Вы-пук-лость и ка-са-тель-ные. \T2A/cmr/m/n/17.2
8 Пусть функ-ция $\OML/cmm/m/it/17.28 f$ \T2A/cmr/m/n/17.28 диф-
 []


Overfull \hbox (21.43434pt too wide) in paragraph at lines 5--5
[]\T2A/cmr/bx/n/17.28 Доказательство. \T2A/cmr/m/n/17.28 1. Необ-хо-ди-мость. П
усть $\OML/cmm/m/it/17.28 f$ \T2A/cmr/m/n/17.28 вы-пук-ла вниз, $\OML/cmm/m/it/
17.28 x; x[] \OMS/cmsy/m/n/17.28 2
 []

[118] [119]

LaTeX Warning: Command \textbackslash invalid in math mode on input line 10.

) (src/076.tex [120]) (src/077.tex
Overfull \hbox (32.02pt too wide) in paragraph at lines 5--6
[]\T2A/cmr/bx/n/17.28 Замечание 1.  \T2A/cmr/m/n/17.28 Чис-ла $\OML/cmm/m/it/17
.28 p[]$ \T2A/cmr/m/n/17.28 на-зы-ва-ют-ся ве-са-ми, а от-но-ше-ние $[]$ ---
 []


Overfull \hbox (0.53072pt too wide) in paragraph at lines 5--6
\T2A/cmr/m/n/17.28 функ-ции от взве-шен-но-го сред-не-го не пре-вос-хо-дит взве
-шен-но-го сред-
 []

[121] [122]) (src/078.tex
Overfull \hbox (5.68755pt too wide) in paragraph at lines 10--10
[]\T2A/cmr/bx/n/17.28 Теорема. Нера-вен-ство Гјль-де-ра. \T2A/cmr/m/n/17.28 Пус
ть $\OML/cmm/m/it/17.28 a; b \OMS/cmsy/m/n/17.28 2 \U/msb/m/n/17.28 R[]$ \T2A/c
mr/m/n/17.28 или $\U/msb/m/n/17.28 C[]\OML/cmm/m/it/17.28 ;   p >
 []

[123])
Overfull \hbox (6.5834pt too wide) in paragraph at lines 238--238
[]\T2A/cmr/bx/n/20.74 Неравенство Мин-ков-ско-го и нера-вен-ство Ко-
 []

(src/079.tex [124]
Overfull \hbox (19.36131pt too wide) in paragraph at lines 3--3
[]\T2A/cmr/bx/n/17.28 Теорема. Нера-вен-ство Мин-ков-ско-го. \T2A/cmr/m/n/17.28
 Пусть $\OML/cmm/m/it/17.28 a; b \OMS/cmsy/m/n/17.28 2 \U/msb/m/n/17.28 R[]\OT1
/cmr/m/n/17.28 (\U/msb/m/n/17.28 C[]\OT1/cmr/m/n/17.28 )\OML/cmm/m/it/17.28 ;  
 p \OMS/cmsy/m/n/17.28 
 []

[125]) (src/080.tex [126]) [127] (src/101.tex) (src/102.tex) (src/103.tex)
(src/104.tex) [128] (src/105.tex) (src/106.tex) (src/107.tex) [129]
(src/108.tex) (src/109.tex

LaTeX Warning: Command \textbackslash invalid in math mode on input line 4.


LaTeX Warning: Command \textbackslash invalid in math mode on input line 10.

) [130] (src/110.tex) (src/111.tex) [131] (src/112.tex) [132] (src/113.tex)
(src/114.tex) (src/115.tex) (src/116.tex) [133] (src/117.tex) (src/118.tex)
(src/119.tex) [134] (src/120.tex) (src/121.tex) (src/122.tex) [135]
(src/123.tex)

Package hyperref Warning: Token not allowed in a PDF string (Unicode):
(hyperref)                removing `math shift' on input line 315.


Package hyperref Warning: Token not allowed in a PDF string (Unicode):
(hyperref)                removing `math shift' on input line 315.

(src/124.tex) [136] (src/125.tex [137])
Overfull \hbox (36.69052pt too wide) in paragraph at lines 321--321
[]\T2A/cmr/bx/n/20.74 Теоремы Больцано-Коши о непре-рыв-ных функ-
 []

(src/126.tex
Overfull \hbox (11.11742pt too wide) in paragraph at lines 1--7
\T2A/cmr/bx/n/17.28 Теорема Боль-ца-но -- Ко-ши о про-ме-жу-точ-ном зна-че-нии.
 \T2A/cmr/m/n/17.28 Пусть
 []


Overfull \hbox (24.17236pt too wide) in paragraph at lines 1--7
\T2A/cmr/m/n/17.28 функ-ция $\OML/cmm/m/it/17.28 f$ \T2A/cmr/m/n/17.28 непре-ры
в-на на $\OT1/cmr/m/n/17.28 [\OML/cmm/m/it/17.28 a; b\OT1/cmr/m/n/17.28 ]$\T2A/
cmr/m/n/17.28 . То-гда $\OMS/cmsy/m/n/17.28 8\OML/cmm/m/it/17.28 C \OT1/cmr/m/n
/17.28 : \OML/cmm/m/it/17.28 f\OT1/cmr/m/n/17.28 (\OML/cmm/m/it/17.28 a\OT1/cmr
/m/n/17.28 ) \OMS/cmsy/m/n/17.28  \OML/cmm/m/it/17.28 C \OMS/cmsy/m/n/17.28  
\OML/cmm/m/it/17.28 f\OT1/cmr/m/n/17.28 (\OML/cmm/m/it/17.28 b\OT1/cmr/m/n/17.2
8 )[]\OML/cmm/m/it/17.28 f\OT1/cmr/m/n/17.28 (\OML/cmm/m/it/17.28 b\OT1/cmr/m/n
/17.28 ) \OMS/cmsy/m/n/17.28 
 []

)
Overfull \hbox (13.10896pt too wide) in paragraph at lines 324--324
[]\T2A/cmr/bx/n/20.74 Теоремa Вей-ер-штрас-са о непре-ры-ва-ных отоб-
 []

(src/127.tex)
Overfull \hbox (2.81754pt too wide) in paragraph at lines 1--327
\T2A/cmr/m/n/17.28 Пусть $\OML/cmm/m/it/17.28 X$\T2A/cmr/m/n/17.28 , $\OML/cmm/
m/it/17.28 Y$ \T2A/cmr/m/n/17.28 --- мет-ри-че-ские про-стран-ства, $\OML/cmm/m
/it/17.28 X$ \T2A/cmr/m/n/17.28 ком-пакт-но, $\OML/cmm/m/it/17.28 f \OMS/cmsy/m
/n/17.28 2 \OML/cmm/m/it/17.28 C\OT1/cmr/m/n/17.28 (\OML/cmm/m/it/17.28 X \OMS/
cmsy/m/n/17.28 !
 []

[138] (src/128.tex) (src/129.tex [139]) (src/130.tex) (src/131.tex [140])
(src/132.tex) (src/133.tex) [141] (src/134.tex) (src/135.tex) (src/136.tex)
[142] (src/137.tex) [143] (src/138.tex) (src/139.tex

LaTeX Warning: Command \textbackslash invalid in math mode on input line 6.

) (src/140.tex) [144] (src/141.tex))
Package atveryend Info: Empty hook `BeforeClearDocument' on input line 80.
 [145]
Package atveryend Info: Empty hook `AfterLastShipout' on input line 80.
 (РњР°С‚Р°РЅ_1_СЃРµРјРµСЃС‚СЂ.aux)
Package atveryend Info: Executing hook `AtVeryEndDocument' on input line 80.
Package atveryend Info: Executing hook `AtEndAfterFileList' on input line 80.
Package rerunfilecheck Info: File `РњР°С‚Р°РЅ_1_СЃРµРјРµСЃС‚СЂ.out' has not cha
nged.
(rerunfilecheck)             Checksum: BA7A45C84882486501BA1019967DF7AD;47263.


LaTeX Font Warning: Some font shapes were not available, defaults substituted.

Package atveryend Info: Empty hook `AtVeryVeryEnd' on input line 80.
 ) 
Here is how much of TeX's memory you used:
 14199 strings out of 492895
 201895 string characters out of 3133480
 476783 words of memory out of 3000000
 17312 multiletter control sequences out of 15000+200000
 22869 words of font info for 61 fonts, out of 3000000 for 9000
 1141 hyphenation exceptions out of 8191
 33i,12n,58p,1624b,551s stack positions out of 5000i,500n,10000p,200000b,50000s
 <C:\Users\pashk\AppData\Local\MiKTeX\2.9\fonts/pk/ljfour/lh/lh-t2a/dpi600\la
ti1200.pk> <C:\Users\pashk\AppData\Local\MiKTeX\2.9\fonts/pk/ljfour/lh/lh-t2a/d
pi600\lati1728.pk> <C:\Users\pashk\AppData\Local\MiKTeX\2.9\fonts/pk/ljfour/lh/
lh-t2a/dpi600\labx2074.pk> <C:\Users\pashk\AppData\Local\MiKTeX\2.9\fonts/pk/lj
four/lh/lh-t2a/dpi600\larm1728.pk> <C:\Users\pashk\AppData\Local\MiKTeX\2.9\fon
ts/pk/ljfour/lh/lh-t2a/dpi600\labx1728.pk> <C:\Users\pashk\AppData\Local\MiKTeX
\2.9\fonts/pk/ljfour/lh/lh-t2a/dpi600\labx2488.pk><C:/Program Files/MiKTeX 2.9/
fonts/type1/public/amsfonts/cm/cmex10.pfb><C:/Program Files/MiKTeX 2.9/fonts/ty
pe1/public/amsfonts/cm/cmmi10.pfb><C:/Program Files/MiKTeX 2.9/fonts/type1/publ
ic/amsfonts/cm/cmmi12.pfb><C:/Program Files/MiKTeX 2.9/fonts/type1/public/amsfo
nts/cm/cmr10.pfb><C:/Program Files/MiKTeX 2.9/fonts/type1/public/amsfonts/cm/cm
r12.pfb><C:/Program Files/MiKTeX 2.9/fonts/type1/public/amsfonts/cm/cmr17.pfb><
C:/Program Files/MiKTeX 2.9/fonts/type1/public/amsfonts/cm/cmsy10.pfb><C:/Progr
am Files/MiKTeX 2.9/fonts/type1/public/amsfonts/symbols/msbm10.pfb>
Output written on РњР°С‚Р°РЅ_1_СЃРµРјРµСЃС‚СЂ.pdf (145 pages, 809580 bytes).
PDF statistics:
 1716 PDF objects out of 1728 (max. 8388607)
 270 named destinations out of 1000 (max. 500000)
 995 words of extra memory for PDF output out of 10000 (max. 10000000)

